<?xml version="1.0" encoding="UTF-8"?>
<!-- Generated by org.testng.reporters.JUnitReportReporter -->
<testsuite hostname="LAPTOP-477EAM08" failures="0" tests="4" name="com.bhicmspkg.Tests.PurchaseItemTest" time="147.831" errors="0" timestamp="25 Jan 2022 05:25:16 GMT" skipped="0">
  <testcase classname="com.bhicmspkg.Tests.PurchaseItemTest" name="Addunitconversion" time="24.974"/>
  <testcase classname="com.bhicmspkg.Tests.PurchaseItemTest" name="AddbrandPurchaseItems" time="25.444"/>
  <testcase classname="com.bhicmspkg.Tests.PurchaseItemTest" name="AddspecificationPurchaseItems" time="68.811"/>
  <testcase classname="com.bhicmspkg.Tests.PurchaseItemTest" name="AddCategoryPurchaseItems" time="28.602"/>
</testsuite> <!-- com.bhicmspkg.Tests.PurchaseItemTest -->
