<?xml version="1.0" encoding="UTF-8"?>
<!-- Generated by org.testng.reporters.JUnitReportReporter -->
<testsuite hostname="LAPTOP-477EAM08" failures="0" tests="1" name="com.bhicmspkg.Tests.CompanycreationTest" time="60.946" errors="0" timestamp="23 Feb 2022 12:01:30 GMT" skipped="0">
  <testcase classname="com.bhicmspkg.Tests.CompanycreationTest" name="CreateCompany" time="60.946"/>
</testsuite> <!-- com.bhicmspkg.Tests.CompanycreationTest -->
