<?xml version="1.0" encoding="UTF-8"?>
<!-- Generated by org.testng.reporters.JUnitReportReporter -->
<testsuite hostname="LAPTOP-477EAM08" failures="0" tests="4" name="com.bhicmspkg.Tests.PurchaseItemMasterTest" time="339.339" errors="0" timestamp="11 Mar 2022 09:46:38 GMT" skipped="0">
  <testcase classname="com.bhicmspkg.Tests.PurchaseItemMasterTest" name="Addunitconversion" time="25.910"/>
  <testcase classname="com.bhicmspkg.Tests.PurchaseItemMasterTest" name="AddCategoryPurchaseItems" time="44.461"/>
  <testcase classname="com.bhicmspkg.Tests.PurchaseItemMasterTest" name="AddspecificationPurchaseItems" time="207.704"/>
  <testcase classname="com.bhicmspkg.Tests.PurchaseItemMasterTest" name="AddbrandPurchaseItems" time="61.264"/>
</testsuite> <!-- com.bhicmspkg.Tests.PurchaseItemMasterTest -->
