<?xml version="1.0" encoding="UTF-8"?>
<!-- Generated by org.testng.reporters.JUnitReportReporter -->
<testsuite hostname="LAPTOP-477EAM08" failures="0" tests="1" name="com.bhicmspkg.Tests.ClientTypeTest" time="50.901" errors="0" timestamp="17 Jan 2022 10:04:16 GMT" skipped="0">
  <testcase classname="com.bhicmspkg.Tests.ClientTypeTest" name="AddClientType" time="50.901"/>
</testsuite> <!-- com.bhicmspkg.Tests.ClientTypeTest -->
