<?xml version="1.0" encoding="UTF-8"?>
<!-- Generated by org.testng.reporters.JUnitReportReporter -->
<testsuite hostname="LAPTOP-477EAM08" failures="0" tests="1" name="com.bhicmspkg.Tests.ReportDownloadTest" time="30.347" errors="0" timestamp="15 Mar 2022 07:02:42 GMT" skipped="0">
  <testcase classname="com.bhicmspkg.Tests.ReportDownloadTest" name="SalesquotationreportDownload" time="30.347"/>
</testsuite> <!-- com.bhicmspkg.Tests.ReportDownloadTest -->
