<?xml version="1.0" encoding="UTF-8"?>
<!-- Generated by org.testng.reporters.JUnitReportReporter -->
<testsuite hostname="LAPTOP-477EAM08" failures="0" tests="6" name="com.bhicmspkg.Tests.SubcontractorTest" time="295.056" errors="0" timestamp="10 Mar 2022 12:38:37 GMT" skipped="0">
  <testcase classname="com.bhicmspkg.Tests.SubcontractorTest" name="SubcontractorCreation" time="36.661"/>
  <testcase classname="com.bhicmspkg.Tests.SubcontractorTest" name="SubcontractorQuotationCreation" time="84.454"/>
  <testcase classname="com.bhicmspkg.Tests.SubcontractorTest" name="SubcontractorQuotationapprove" time="32.346"/>
  <testcase classname="com.bhicmspkg.Tests.SubcontractorTest" name="SubcontractorCreationEdit" time="27.942"/>
  <testcase classname="com.bhicmspkg.Tests.SubcontractorTest" name="SubcontractorQuotationPayment" time="72.314"/>
  <testcase classname="com.bhicmspkg.Tests.SubcontractorTest" name="Subcontractorbill" time="41.339"/>
</testsuite> <!-- com.bhicmspkg.Tests.SubcontractorTest -->
