<?xml version="1.0" encoding="UTF-8"?>
<!-- Generated by org.testng.reporters.JUnitReportReporter -->
<testsuite hostname="LAPTOP-477EAM08" failures="0" tests="1" name="com.bhicmspkg.Tests.MastersalesTest" time="179.077" errors="0" timestamp="11 Mar 2022 10:14:05 GMT" skipped="0">
  <testcase classname="com.bhicmspkg.Tests.MastersalesTest" name="createquotationitemmaster" time="179.077"/>
</testsuite> <!-- com.bhicmspkg.Tests.MastersalesTest -->
