<?xml version="1.0" encoding="UTF-8"?>
<!-- Generated by org.testng.reporters.JUnitReportReporter -->
<testsuite hostname="LAPTOP-477EAM08" failures="0" tests="3" name="com.bhicmspkg.Tests.Sales_QuotationGeneratorTest" time="100.699" errors="0" timestamp="15 Mar 2022 09:16:54 GMT" skipped="0">
  <testcase classname="com.bhicmspkg.Tests.Sales_QuotationGeneratorTest" name="SalesquotationView" time="32.906"/>
  <testcase classname="com.bhicmspkg.Tests.Sales_QuotationGeneratorTest" name="SalesquotationEdit" time="41.624"/>
  <testcase classname="com.bhicmspkg.Tests.Sales_QuotationGeneratorTest" name="Salesquotationdelete" time="26.169"/>
</testsuite> <!-- com.bhicmspkg.Tests.Sales_QuotationGeneratorTest -->
