<?xml version="1.0" encoding="UTF-8"?>
<!-- Generated by org.testng.reporters.JUnitReportReporter -->
<testsuite hostname="LAPTOP-477EAM08" failures="0" tests="1" name="com.bhicmspkg.Tests.CreateProjectTest" time="39.333" errors="0" timestamp="10 Feb 2022 12:03:09 GMT" skipped="0">
  <testcase classname="com.bhicmspkg.Tests.CreateProjectTest" name="Projectcreation" time="39.333"/>
</testsuite> <!-- com.bhicmspkg.Tests.CreateProjectTest -->
