<?xml version="1.0" encoding="UTF-8"?>
<!-- Generated by org.testng.reporters.JUnitReportReporter -->
<testsuite hostname="LAPTOP-477EAM08" failures="0" tests="5" name="com.bhicmspkg.Tests.VendorTest" time="154.890" errors="0" timestamp="25 Feb 2022 05:50:01 GMT" skipped="0">
  <testcase classname="com.bhicmspkg.Tests.VendorTest" name="VendorCreation" time="28.468"/>
  <testcase classname="com.bhicmspkg.Tests.VendorTest" name="VendorPaymentdelete" time="21.600"/>
  <testcase classname="com.bhicmspkg.Tests.VendorTest" name="VendorPaymentEdit" time="27.847"/>
  <testcase classname="com.bhicmspkg.Tests.VendorTest" name="VendorEdit" time="25.702"/>
  <testcase classname="com.bhicmspkg.Tests.VendorTest" name="VendorPayment" time="51.273"/>
</testsuite> <!-- com.bhicmspkg.Tests.VendorTest -->
