<?xml version="1.0" encoding="UTF-8"?>
<!-- Generated by org.testng.reporters.JUnitReportReporter -->
<testsuite hostname="LAPTOP-477EAM08" failures="0" tests="1" name="com.bhicmspkg.Tests.MenupermissionTest" time="244.048" errors="0" timestamp="10 Feb 2022 06:16:38 GMT" skipped="0">
  <testcase classname="com.bhicmspkg.Tests.MenupermissionTest" name="MenuPermission" time="244.048"/>
</testsuite> <!-- com.bhicmspkg.Tests.MenupermissionTest -->
