<?xml version="1.0" encoding="UTF-8"?>
<!-- Generated by org.testng.reporters.JUnitReportReporter -->
<testsuite hostname="LAPTOP-477EAM08" failures="0" tests="1" name="com.bhicmspkg.Tests.ClientCreationTest" time="44.824" errors="0" timestamp="10 Feb 2022 06:58:37 GMT" skipped="0">
  <testcase classname="com.bhicmspkg.Tests.ClientCreationTest" name="ClientCreation" time="44.824"/>
</testsuite> <!-- com.bhicmspkg.Tests.ClientCreationTest -->
